2026-07-09 18:02:39 - Show CPU Information
2026-07-09 18:03:04 - Exit
2026-07-11 20:38:38 - Show Date & Time
2026-07-11 20:38:41 - Show Date & Time
2026-07-11 20:38:43 - Show Date & Time
2026-07-11 20:38:45 - Show Date & Time
2026-07-11 20:38:49 - Show Current User
2026-07-11 20:38:52 - Show Current Directory
2026-07-11 20:38:53 - Show Linux Kernel Version
2026-07-11 20:38:55 - Show CPU Information
2026-07-11 20:38:58 - Show Date & Time
2026-07-11 20:39:04 - Exit
2026-07-15 12:16:11 - Show Date & Time
2026-07-15 12:16:13 - Show Date & Time
2026-07-15 12:16:15 - Show Current User
2026-07-15 12:16:25 - Exit
2026-07-15 12:19:29 - Show Date & Time
2026-07-15 12:19:31 - Show Current User
2026-07-15 12:19:33 - Show Current Directory
2026-07-15 12:19:34 - Show Linux Kernel Version
2026-07-15 12:19:36 - Show CPU Information
2026-07-15 12:19:38 - Show memory Information
2026-07-15 12:19:41 - Show disk Information
2026-07-15 12:19:43 - Show Uptime
2026-07-15 12:19:44 - Exit
2026-07-15 12:23:38 - Show Date & Time
2026-07-15 12:23:42 - Show CPU Information
2026-07-15 12:23:46 - View Activity Log
2026-07-15 12:23:48 - Exit
